<?xml version="1.0" encoding="UTF-8"?>
<testng-results ignored="0" total="6" passed="6" failed="0" skipped="0">
  <reporter-output>
  </reporter-output>
  <suite started-at="2022-01-17T22:45:38 IST" name="Suite" finished-at="2022-01-17T22:46:56 IST" duration-ms="78213">
    <groups>
    </groups>
    <test started-at="2022-01-17T22:45:38 IST" name="Test" finished-at="2022-01-17T22:46:56 IST" duration-ms="78213">
      <class name="TeeDee.TanusreeMaven.MobileTest">
        <test-method signature="AEMtest()[pri:0, instance:TeeDee.TanusreeMaven.MobileTest@47987356]" started-at="2022-01-17T22:46:56 IST" name="AEMtest" finished-at="2022-01-17T22:46:56 IST" duration-ms="5" status="PASS">
          <reporter-output>
          </reporter-output>
        </test-method> <!-- AEMtest -->
        <test-method signature="RDpageTest()[pri:0, instance:TeeDee.TanusreeMaven.MobileTest@47987356]" started-at="2022-01-17T22:46:56 IST" name="RDpageTest" finished-at="2022-01-17T22:46:56 IST" duration-ms="8" status="PASS">
          <reporter-output>
          </reporter-output>
        </test-method> <!-- RDpageTest -->
        <test-method signature="ReactTest()[pri:0, instance:TeeDee.TanusreeMaven.MobileTest@47987356]" started-at="2022-01-17T22:46:56 IST" name="ReactTest" finished-at="2022-01-17T22:46:56 IST" duration-ms="2" status="PASS">
          <reporter-output>
          </reporter-output>
        </test-method> <!-- ReactTest -->
      </class> <!-- TeeDee.TanusreeMaven.MobileTest -->
      <class name="TeeDee.TanusreeMaven.IpadTest">
        <test-method signature="AEMtest()[pri:0, instance:TeeDee.TanusreeMaven.IpadTest@67c33749]" started-at="2022-01-17T22:45:38 IST" name="AEMtest" finished-at="2022-01-17T22:46:56 IST" duration-ms="77999" status="PASS">
          <reporter-output>
          </reporter-output>
        </test-method> <!-- AEMtest -->
        <test-method signature="RDpageTest()[pri:0, instance:TeeDee.TanusreeMaven.IpadTest@67c33749]" started-at="2022-01-17T22:46:56 IST" name="RDpageTest" finished-at="2022-01-17T22:46:56 IST" duration-ms="1" status="PASS">
          <reporter-output>
          </reporter-output>
        </test-method> <!-- RDpageTest -->
        <test-method signature="ReactTest()[pri:0, instance:TeeDee.TanusreeMaven.IpadTest@67c33749]" started-at="2022-01-17T22:46:56 IST" name="ReactTest" finished-at="2022-01-17T22:46:56 IST" duration-ms="2" status="PASS">
          <reporter-output>
          </reporter-output>
        </test-method> <!-- ReactTest -->
      </class> <!-- TeeDee.TanusreeMaven.IpadTest -->
    </test> <!-- Test -->
  </suite> <!-- Suite -->
</testng-results>
