<?xml version="1.0" encoding="UTF-8"?>
<testng-results ignored="0" total="6" passed="6" failed="0" skipped="0">
  <reporter-output>
  </reporter-output>
  <suite started-at="2022-01-17T23:17:29 IST" name="Suite" finished-at="2022-01-17T23:19:15 IST" duration-ms="105909">
    <groups>
    </groups>
    <test started-at="2022-01-17T23:17:29 IST" name="Test" finished-at="2022-01-17T23:19:15 IST" duration-ms="105909">
      <class name="TeeDee.TanusreeMaven.MobileTest">
        <test-method signature="AEMtest()[pri:0, instance:TeeDee.TanusreeMaven.MobileTest@6babf3bf]" started-at="2022-01-17T23:19:15 IST" name="AEMtest" finished-at="2022-01-17T23:19:15 IST" duration-ms="0" status="PASS">
          <reporter-output>
          </reporter-output>
        </test-method> <!-- AEMtest -->
        <test-method signature="RDpageTest()[pri:0, instance:TeeDee.TanusreeMaven.MobileTest@6babf3bf]" started-at="2022-01-17T23:19:15 IST" name="RDpageTest" finished-at="2022-01-17T23:19:15 IST" duration-ms="1" status="PASS">
          <reporter-output>
          </reporter-output>
        </test-method> <!-- RDpageTest -->
        <test-method signature="ReactTest()[pri:0, instance:TeeDee.TanusreeMaven.MobileTest@6babf3bf]" started-at="2022-01-17T23:19:15 IST" name="ReactTest" finished-at="2022-01-17T23:19:15 IST" duration-ms="1" status="PASS">
          <reporter-output>
          </reporter-output>
        </test-method> <!-- ReactTest -->
      </class> <!-- TeeDee.TanusreeMaven.MobileTest -->
      <class name="TeeDee.TanusreeMaven.IpadTest">
        <test-method signature="AEMtest()[pri:0, instance:TeeDee.TanusreeMaven.IpadTest@6d3a388c]" started-at="2022-01-17T23:17:29 IST" name="AEMtest" finished-at="2022-01-17T23:19:15 IST" duration-ms="105829" status="PASS">
          <reporter-output>
          </reporter-output>
        </test-method> <!-- AEMtest -->
        <test-method signature="RDpageTest()[pri:0, instance:TeeDee.TanusreeMaven.IpadTest@6d3a388c]" started-at="2022-01-17T23:19:15 IST" name="RDpageTest" finished-at="2022-01-17T23:19:15 IST" duration-ms="0" status="PASS">
          <reporter-output>
          </reporter-output>
        </test-method> <!-- RDpageTest -->
        <test-method signature="ReactTest()[pri:0, instance:TeeDee.TanusreeMaven.IpadTest@6d3a388c]" started-at="2022-01-17T23:19:15 IST" name="ReactTest" finished-at="2022-01-17T23:19:15 IST" duration-ms="1" status="PASS">
          <reporter-output>
          </reporter-output>
        </test-method> <!-- ReactTest -->
      </class> <!-- TeeDee.TanusreeMaven.IpadTest -->
    </test> <!-- Test -->
  </suite> <!-- Suite -->
</testng-results>
