<?xml version="1.0" encoding="UTF-8"?>
<testsuite xmlns:xsi="http://www.w3.org/2001/XMLSchema-instance" xsi:noNamespaceSchemaLocation="https://maven.apache.org/surefire/maven-surefire-plugin/xsd/surefire-test-report-3.0.xsd" version="3.0" name="TestSuite" time="108.933" tests="6" errors="0" skipped="0" failures="0">
  <properties>
[...]
</properties>
  <testcase name="AEMtest" classname="TeeDee.TanusreeMaven.IpadTest" time="105.907">
    <system-out><![CDATA[We are in 1st function of Ipad Class
]]></system-out>
    <system-err><![CDATA[SLF4J: Failed to load class "org.slf4j.impl.StaticLoggerBinder".
SLF4J: Defaulting to no-operation (NOP) logger implementation
SLF4J: See http://www.slf4j.org/codes.html#StaticLoggerBinder for further details.
Starting ChromeDriver 96.0.4664.45 (76e4c1bb2ab4671b8beba3444e61c0f17584b2fc-refs/branch-heads/4664@{#947}) on port 56558
Only local connections are allowed.
Please see https://chromedriver.chromium.org/security-considerations for suggestions on keeping ChromeDriver safe.
ChromeDriver was started successfully.
[1642441715.140][WARNING]: This version of ChromeDriver has not been tested with Chrome version 97.
Jan 17, 2022 11:18:44 PM org.openqa.selenium.remote.ProtocolHandshake createSession
INFO: Detected dialect: W3C
Jan 17, 2022 11:18:45 PM org.openqa.selenium.devtools.CdpVersionFinder findNearestMatch
WARNING: Unable to find an exact match for CDP version 97, so returning the closest version found: 96
Jan 17, 2022 11:18:45 PM org.openqa.selenium.devtools.CdpVersionFinder findNearestMatch
INFO: Found CDP implementation for version 97 of 96
]]></system-err>
  </testcase>
  <testcase name="RDpageTest" classname="TeeDee.TanusreeMaven.IpadTest" time="0">
    <system-out><![CDATA[We are in 3rd function of Ipad Class
]]></system-out>
  </testcase>
  <testcase name="ReactTest" classname="TeeDee.TanusreeMaven.IpadTest" time="0">
    <system-out><![CDATA[We are in 2nd function of Ipad Class
]]></system-out>
  </testcase>
  <testcase name="AEMtest" classname="TeeDee.TanusreeMaven.MobileTest" time="0.001">
    <system-out><![CDATA[We are in 1st function of Mobile Class
]]></system-out>
  </testcase>
  <testcase name="RDpageTest" classname="TeeDee.TanusreeMaven.MobileTest" time="0">
    <system-out><![CDATA[We are in 3rd function of Mobile Class
]]></system-out>
  </testcase>
  <testcase name="ReactTest" classname="TeeDee.TanusreeMaven.MobileTest" time="0">
    <system-out><![CDATA[We are in 2nd function of Mobile Class
]]></system-out>
  </testcase>
</testsuite>