<?xml version="1.0" encoding="UTF-8"?>
<!-- Generated by org.testng.reporters.JUnitXMLReporter -->
<testsuite ignored="0" hostname="RebelliousRANGER" failures="0" tests="6" name="Test" time="105.909" errors="0" timestamp="2022-01-17T23:19:15 IST">
  <testcase classname="TeeDee.TanusreeMaven.IpadTest" name="AEMtest" time="105.829"/>
  <testcase classname="TeeDee.TanusreeMaven.IpadTest" name="RDpageTest" time="0.0"/>
  <testcase classname="TeeDee.TanusreeMaven.IpadTest" name="ReactTest" time="0.001"/>
  <testcase classname="TeeDee.TanusreeMaven.MobileTest" name="AEMtest" time="0.0"/>
  <testcase classname="TeeDee.TanusreeMaven.MobileTest" name="RDpageTest" time="0.001"/>
  <testcase classname="TeeDee.TanusreeMaven.MobileTest" name="ReactTest" time="0.001"/>
</testsuite> <!-- Test -->
