<?xml version="1.0" encoding="UTF-8"?>
<!-- Generated by org.testng.reporters.JUnitXMLReporter -->
<testsuite ignored="0" hostname="RebelliousRANGER" failures="0" tests="3" name="Default test" time="41.156" errors="0" timestamp="2022-01-17T16:28:14 IST">
  <testcase classname="TeeDee.TanusreeMaven.IpadTest" name="AEMtest" time="40.914"/>
  <testcase classname="TeeDee.TanusreeMaven.IpadTest" name="RDpageTest" time="0.004"/>
  <testcase classname="TeeDee.TanusreeMaven.IpadTest" name="ReactTest" time="0.001"/>
</testsuite> <!-- Default test -->
